<?xml version="1.0" encoding="UTF-8"?>
<testsuite xmlns:xsi="http://www.w3.org/2001/XMLSchema-instance" xsi:noNamespaceSchemaLocation="https://maven.apache.org/surefire/maven-surefire-plugin/xsd/surefire-test-report.xsd" name="com.lylechristine.liberry.stringpadder.StringPadderImplTest" time="0.07" tests="8" errors="0" skipped="0" failures="0">
  <properties>
[...]
</properties>
  <testcase name="padRightInvalidTotalLength" classname="com.lylechristine.liberry.stringpadder.StringPadderImplTest" time="0.06"/>
  <testcase name="padLeftWithZerosInvalidTotalLength" classname="com.lylechristine.liberry.stringpadder.StringPadderImplTest" time="0.001"/>
  <testcase name="padRightWithZerosInvalidTotalLength" classname="com.lylechristine.liberry.stringpadder.StringPadderImplTest" time="0.001"/>
  <testcase name="padLeftWithInvalidTotalLength" classname="com.lylechristine.liberry.stringpadder.StringPadderImplTest" time="0.001"/>
  <testcase name="PadRightWithSevens" classname="com.lylechristine.liberry.stringpadder.StringPadderImplTest" time="0.001"/>
  <testcase name="PadRight" classname="com.lylechristine.liberry.stringpadder.StringPadderImplTest" time="0.001"/>
  <testcase name="PadLeft" classname="com.lylechristine.liberry.stringpadder.StringPadderImplTest" time="0.001"/>
  <testcase name="PadLeftWithZeros" classname="com.lylechristine.liberry.stringpadder.StringPadderImplTest" time="0.001"/>
</testsuite>